<?xml version="1.0" encoding="UTF-8"?>
<beans xmlns="http://www.springframework.org/schema/beans"
	xmlns:xsi="http://www.w3.org/2001/XMLSchema-instance"
	xmlns:context="http://www.springframework.org/schema/context"
	xsi:schemaLocation="
		http://www.springframework.org/schema/beans http://www.springframework.org/schema/beans/spring-beans-3.0.xsd
		http://www.springframework.org/schema/context http://www.springframework.org/schema/context/spring-context-3.0.xsd">

	<context:annotation-config />

	<context:property-placeholder
		location="classpath:hibernate.properties" />

	<bean id="awsomeCWSDataSource"
		class="org.springframework.jdbc.datasource.SingleConnectionDataSource">
		<property name="driverClassName" value="${jdbc.driver}" />
		<property name="url" value="${jdbc.url}" />
		<property name="username" value="${jdbc.username}" />
		<property name="password" value="${jdbc.password}" />
	</bean>

	<bean id="departmentDao" class="info.chen.awsome_cws_persist.dao.impl.DepartmentDaoImpl">
		<property name="dataSource" ref="awsomeCWSDataSource" />
	</bean>

	<bean id="employeeDao" class="info.chen.awsome_cws_persist.dao.impl.EmployeeDaoImpl">
		<property name="dataSource" ref="awsomeCWSDataSource" />
	</bean>

</beans>